  main.cpp
a:\dani\desktop\escritorio\uni\2016-2017\trabajos\informática gráfica\texturas\src\main.cpp(292): warning C4244: 'initializing': conversion from 'double' to 'GLfloat', possible loss of data
a:\dani\desktop\escritorio\uni\2016-2017\trabajos\informática gráfica\texturas\src\main.cpp(324): warning C4244: 'initializing': conversion from 'double' to 'GLfloat', possible loss of data
a:\dani\desktop\escritorio\uni\2016-2017\trabajos\informática gráfica\texturas\src\main.cpp(325): warning C4244: 'initializing': conversion from 'double' to 'GLfloat', possible loss of data
a:\dani\desktop\escritorio\uni\2016-2017\trabajos\informática gráfica\texturas\src\main.cpp(487): warning C4244: '=': conversion from 'double' to 'GLfloat', possible loss of data
a:\dani\desktop\escritorio\uni\2016-2017\trabajos\informática gráfica\texturas\src\main.cpp(488): warning C4244: '=': conversion from 'double' to 'GLfloat', possible loss of data
a:\dani\desktop\escritorio\uni\2016-2017\trabajos\informática gráfica\texturas\src\main.cpp(492): warning C4244: 'initializing': conversion from 'double' to 'GLfloat', possible loss of data
a:\dani\desktop\escritorio\uni\2016-2017\trabajos\informática gráfica\texturas\src\main.cpp(493): warning C4244: 'initializing': conversion from 'double' to 'GLfloat', possible loss of data
a:\dani\desktop\escritorio\uni\2016-2017\trabajos\informática gráfica\texturas\src\main.cpp(494): warning C4244: '=': conversion from 'double' to 'GLfloat', possible loss of data
a:\dani\desktop\escritorio\uni\2016-2017\trabajos\informática gráfica\texturas\src\main.cpp(495): warning C4244: '=': conversion from 'double' to 'GLfloat', possible loss of data
a:\dani\desktop\escritorio\uni\2016-2017\trabajos\informática gráfica\texturas\src\main.cpp(521): warning C4244: '-=': conversion from 'double' to 'GLfloat', possible loss of data
LINK : warning LNK4098: defaultlib 'LIBCMT' conflicts with use of other libs; use /NODEFAULTLIB:library
LINK : warning LNK4098: defaultlib 'MSVCRT' conflicts with use of other libs; use /NODEFAULTLIB:library
Mesh.obj : warning LNK4049: locally defined symbol ___glewActiveTexture imported
Mesh.obj : warning LNK4049: locally defined symbol ___glewBindBuffer imported
Mesh.obj : warning LNK4049: locally defined symbol ___glewBufferData imported
Mesh.obj : warning LNK4049: locally defined symbol ___glewGenBuffers imported
Mesh.obj : warning LNK4049: locally defined symbol ___glewEnableVertexAttribArray imported
Mesh.obj : warning LNK4049: locally defined symbol ___glewGetUniformLocation imported
Mesh.obj : warning LNK4049: locally defined symbol ___glewUniform1f imported
Mesh.obj : warning LNK4049: locally defined symbol ___glewVertexAttribPointer imported
Mesh.obj : warning LNK4049: locally defined symbol ___glewBindVertexArray imported
Mesh.obj : warning LNK4049: locally defined symbol ___glewGenVertexArrays imported
Model.obj : warning LNK4049: locally defined symbol ___glewGenerateMipmap imported
libSOIL.lib(image_DXT.obj) : warning LNK4099: PDB 'SOIL.pdb' was not found with 'libSOIL.lib(image_DXT.obj)' or at 'A:\Dani\Desktop\ESCRITORIO\UNI\2016-2017\Trabajos\Informßtica Grßfica\TEXTURAS\Debug\SOIL.pdb'; linking object as if no debug info
libSOIL.lib(image_helper.obj) : warning LNK4099: PDB 'SOIL.pdb' was not found with 'libSOIL.lib(image_helper.obj)' or at 'A:\Dani\Desktop\ESCRITORIO\UNI\2016-2017\Trabajos\Informßtica Grßfica\TEXTURAS\Debug\SOIL.pdb'; linking object as if no debug info
libSOIL.lib(SOIL.obj) : warning LNK4099: PDB 'SOIL.pdb' was not found with 'libSOIL.lib(SOIL.obj)' or at 'A:\Dani\Desktop\ESCRITORIO\UNI\2016-2017\Trabajos\Informßtica Grßfica\TEXTURAS\Debug\SOIL.pdb'; linking object as if no debug info
libSOIL.lib(stb_image_aug.obj) : warning LNK4099: PDB 'SOIL.pdb' was not found with 'libSOIL.lib(stb_image_aug.obj)' or at 'A:\Dani\Desktop\ESCRITORIO\UNI\2016-2017\Trabajos\Informßtica Grßfica\TEXTURAS\Debug\SOIL.pdb'; linking object as if no debug info
glew32s.lib(glew.obj) : warning LNK4099: PDB 'vc120.pdb' was not found with 'glew32s.lib(glew.obj)' or at 'A:\Dani\Desktop\ESCRITORIO\UNI\2016-2017\Trabajos\Informßtica Grßfica\TEXTURAS\Debug\vc120.pdb'; linking object as if no debug info
  Proyecto.vcxproj -> A:\Dani\Desktop\ESCRITORIO\UNI\2016-2017\Trabajos\Informática Gráfica\TEXTURAS\Debug\Practica1.exe
